<?xml version="1.0" encoding="UTF-8"?>
<testsuite name="org.iesalandalus.programacion.caballoajedrez.DireccionTest" tests="2" skipped="0" failures="0" errors="0" timestamp="2018-10-21T17:32:04" hostname="Tor" time="0.08">
  <properties/>
  <testcase name="direccionesValidasTest" classname="org.iesalandalus.programacion.caballoajedrez.DireccionTest" time="0.002"/>
  <testcase name="direccionesValidasTest" classname="org.iesalandalus.programacion.caballoajedrez.DireccionTest" time="0.001"/>
  <system-out><![CDATA[]]></system-out>
  <system-err><![CDATA[]]></system-err>
</testsuite>
