<?xml version="1.0" encoding="UTF-8"?>
<testsuite name="org.iesalandalus.programacion.caballoajedrez.CaballoTest" tests="16" skipped="0" failures="0" errors="0" timestamp="2018-10-21T17:32:04" hostname="Tor" time="0.045">
  <properties/>
  <testcase name="constructorDefectoTest" classname="org.iesalandalus.programacion.caballoajedrez.CaballoTest" time="0.002"/>
  <testcase name="constructorUnParametroNoValidoTest" classname="org.iesalandalus.programacion.caballoajedrez.CaballoTest" time="0.0"/>
  <testcase name="toStringTest" classname="org.iesalandalus.programacion.caballoajedrez.CaballoTest" time="0.0"/>
  <testcase name="constructorUnParametroValidoTest" classname="org.iesalandalus.programacion.caballoajedrez.CaballoTest" time="0.0"/>
  <testcase name="constructorDosParametrosNoValidoTest" classname="org.iesalandalus.programacion.caballoajedrez.CaballoTest" time="0.001"/>
  <testcase name="constructorDosParametrosValidoTest" classname="org.iesalandalus.programacion.caballoajedrez.CaballoTest" time="0.001"/>
  <testcase name="movimientoNoValidoTest" classname="org.iesalandalus.programacion.caballoajedrez.CaballoTest" time="0.004"/>
  <testcase name="movimientoValidoTest" classname="org.iesalandalus.programacion.caballoajedrez.CaballoTest" time="0.001"/>
  <testcase name="constructorDefectoTest" classname="org.iesalandalus.programacion.caballoajedrez.CaballoTest" time="0.001"/>
  <testcase name="constructorUnParametroNoValidoTest" classname="org.iesalandalus.programacion.caballoajedrez.CaballoTest" time="0.001"/>
  <testcase name="toStringTest" classname="org.iesalandalus.programacion.caballoajedrez.CaballoTest" time="0.0"/>
  <testcase name="constructorUnParametroValidoTest" classname="org.iesalandalus.programacion.caballoajedrez.CaballoTest" time="0.0"/>
  <testcase name="constructorDosParametrosNoValidoTest" classname="org.iesalandalus.programacion.caballoajedrez.CaballoTest" time="0.0"/>
  <testcase name="constructorDosParametrosValidoTest" classname="org.iesalandalus.programacion.caballoajedrez.CaballoTest" time="0.0"/>
  <testcase name="movimientoNoValidoTest" classname="org.iesalandalus.programacion.caballoajedrez.CaballoTest" time="0.001"/>
  <testcase name="movimientoValidoTest" classname="org.iesalandalus.programacion.caballoajedrez.CaballoTest" time="0.002"/>
  <system-out><![CDATA[]]></system-out>
  <system-err><![CDATA[]]></system-err>
</testsuite>
