<?xml version="1.0" encoding="UTF-8"?>
<testsuite name="org.iesalandalus.programacion.caballoajedrez.ColorTest" tests="2" skipped="0" failures="0" errors="0" timestamp="2018-10-21T17:32:04" hostname="Tor" time="0.022">
  <properties/>
  <testcase name="coloresValidosTest" classname="org.iesalandalus.programacion.caballoajedrez.ColorTest" time="0.0"/>
  <testcase name="coloresValidosTest" classname="org.iesalandalus.programacion.caballoajedrez.ColorTest" time="0.0"/>
  <system-out><![CDATA[]]></system-out>
  <system-err><![CDATA[]]></system-err>
</testsuite>
